<?xml version="1.0" encoding="UTF-8"?>
<!-- Generated by org.testng.reporters.JUnitXMLReporter -->
<testsuite ignored="0" hostname="DESKTOP-R8GVFU8" failures="0" tests="3" name="Default test" time="28.569" errors="0" timestamp="2024-08-27T16:48:14 IST">
  <testcase classname="testngFramework.Test.SubmitOrderTest" name="submitOrder" time="8.802"/>
  <testcase classname="testngFramework.Test.SubmitOrderTest" name="submitOrder" time="8.729"/>
  <testcase classname="testngFramework.Test.SubmitOrderTest" name="OrderHistoryTest" time="0.484"/>
</testsuite> <!-- Default test -->
