<?xml version="1.0" encoding="UTF-8"?>
<testng-results ignored="0" total="3" passed="3" failed="0" skipped="0">
  <reporter-output>
  </reporter-output>
  <suite started-at="2024-08-27T16:47:46 IST" name="Default suite" finished-at="2024-08-27T16:48:14 IST" duration-ms="28569">
    <groups>
      <group name="Purchase">
        <method signature="SubmitOrderTest.submitOrder(java.util.HashMap)[pri:0, instance:testngFramework.Test.SubmitOrderTest@73a1e9a9]" name="submitOrder" class="testngFramework.Test.SubmitOrderTest"/>
      </group> <!-- Purchase -->
    </groups>
    <test started-at="2024-08-27T16:47:46 IST" name="Default test" finished-at="2024-08-27T16:48:14 IST" duration-ms="28569">
      <class name="testngFramework.Test.SubmitOrderTest">
        <test-method is-config="true" signature="launchApplication()[pri:0, instance:testngFramework.Test.SubmitOrderTest@73a1e9a9]" started-at="2024-08-27T16:47:46 IST" name="launchApplication" finished-at="2024-08-27T16:47:51 IST" duration-ms="4695" status="PASS">
          <reporter-output>
          </reporter-output>
        </test-method> <!-- launchApplication -->
        <test-method signature="submitOrder(java.util.HashMap)[pri:0, instance:testngFramework.Test.SubmitOrderTest@73a1e9a9]" started-at="2024-08-27T16:47:51 IST" name="submitOrder" data-provider="getData" finished-at="2024-08-27T16:48:00 IST" duration-ms="8802" status="PASS">
          <params>
            <param index="0">
              <value>
                <![CDATA[{password=Test@123, product=ZARA COAT 3, email=Test@testframework.com}]]>
              </value>
            </param>
          </params>
          <reporter-output>
          </reporter-output>
        </test-method> <!-- submitOrder -->
        <test-method is-config="true" signature="tearDown()[pri:0, instance:testngFramework.Test.SubmitOrderTest@73a1e9a9]" started-at="2024-08-27T16:48:00 IST" name="tearDown" finished-at="2024-08-27T16:48:00 IST" duration-ms="151" status="PASS">
          <reporter-output>
          </reporter-output>
        </test-method> <!-- tearDown -->
        <test-method is-config="true" signature="launchApplication()[pri:0, instance:testngFramework.Test.SubmitOrderTest@73a1e9a9]" started-at="2024-08-27T16:48:00 IST" name="launchApplication" finished-at="2024-08-27T16:48:03 IST" duration-ms="3106" status="PASS">
          <reporter-output>
          </reporter-output>
        </test-method> <!-- launchApplication -->
        <test-method signature="submitOrder(java.util.HashMap)[pri:0, instance:testngFramework.Test.SubmitOrderTest@73a1e9a9]" started-at="2024-08-27T16:48:03 IST" name="submitOrder" data-provider="getData" finished-at="2024-08-27T16:48:12 IST" duration-ms="8729" status="PASS">
          <params>
            <param index="0">
              <value>
                <![CDATA[{password=Test@123, product=IPHONE 13 PRO, email=Bijoy@test123.in}]]>
              </value>
            </param>
          </params>
          <reporter-output>
          </reporter-output>
        </test-method> <!-- submitOrder -->
        <test-method is-config="true" signature="tearDown()[pri:0, instance:testngFramework.Test.SubmitOrderTest@73a1e9a9]" started-at="2024-08-27T16:48:12 IST" name="tearDown" finished-at="2024-08-27T16:48:12 IST" duration-ms="213" status="PASS">
          <reporter-output>
          </reporter-output>
        </test-method> <!-- tearDown -->
        <test-method is-config="true" signature="launchApplication()[pri:0, instance:testngFramework.Test.SubmitOrderTest@73a1e9a9]" started-at="2024-08-27T16:48:12 IST" name="launchApplication" finished-at="2024-08-27T16:48:14 IST" duration-ms="1768" status="PASS">
          <reporter-output>
          </reporter-output>
        </test-method> <!-- launchApplication -->
        <test-method signature="OrderHistoryTest()[pri:0, instance:testngFramework.Test.SubmitOrderTest@73a1e9a9]" started-at="2024-08-27T16:48:14 IST" name="OrderHistoryTest" finished-at="2024-08-27T16:48:14 IST" depends-on-methods="testngFramework.Test.SubmitOrderTest.submitOrder" duration-ms="484" status="PASS">
          <reporter-output>
          </reporter-output>
        </test-method> <!-- OrderHistoryTest -->
        <test-method is-config="true" signature="tearDown()[pri:0, instance:testngFramework.Test.SubmitOrderTest@73a1e9a9]" started-at="2024-08-27T16:48:14 IST" name="tearDown" finished-at="2024-08-27T16:48:14 IST" duration-ms="150" status="PASS">
          <reporter-output>
          </reporter-output>
        </test-method> <!-- tearDown -->
      </class> <!-- testngFramework.Test.SubmitOrderTest -->
    </test> <!-- Default test -->
  </suite> <!-- Default suite -->
</testng-results>
